<?xml version="1.0" encoding="UTF-8"?>
<!-- Generated by org.testng.reporters.JUnitReportReporter -->
<testsuite hostname="DESKTOP-ACUQNDS" failures="0" tests="1" name="seleniumExamples.CheckboxExamples" time="14.828" errors="0" timestamp="2024-03-09T22:35:48 IST" skipped="0">
  <testcase classname="seleniumExamples.CheckboxExamples" name="getCheckBox" time="14.828"/>
  <system-out/>
</testsuite> <!-- seleniumExamples.CheckboxExamples -->
