<?xml version="1.0" encoding="UTF-8"?>
<!-- Generated by org.testng.reporters.JUnitReportReporter -->
<testsuite hostname="DESKTOP-ACUQNDS" failures="0" tests="1" name="restAssuredExamples.PutMethod" time="3.165" errors="0" timestamp="2023-04-22T19:14:33 IST" skipped="0">
  <testcase classname="restAssuredExamples.PutMethod" name="putMethod" time="3.165"/>
  <system-out/>
</testsuite> <!-- restAssuredExamples.PutMethod -->
