<?xml version="1.0" encoding="UTF-8"?>
<!-- Generated by org.testng.reporters.JUnitReportReporter -->
<testsuite hostname="DESKTOP-ACUQNDS" failures="0" tests="1" name="seleniumExamples.DropdownSortedOrder" time="11.410" errors="0" timestamp="04 Apr 2023 12:38:52 GMT" skipped="0">
  <testcase classname="seleniumExamples.DropdownSortedOrder" name="getData" time="11.410"/>
</testsuite> <!-- seleniumExamples.DropdownSortedOrder -->
