<?xml version="1.0" encoding="UTF-8"?>
<!-- Generated by org.testng.reporters.JUnitReportReporter -->
<testsuite hostname="DESKTOP-ACUQNDS" failures="0" tests="1" name="javaExamples.Hashmap" time="0.012" errors="0" timestamp="2024-07-21T08:42:29 IST" skipped="0">
  <testcase classname="javaExamples.Hashmap" name="getHashMap" time="0.012"/>
  <system-out/>
</testsuite> <!-- javaExamples.Hashmap -->
