<?xml version="1.0" encoding="UTF-8"?>
<!-- Generated by org.testng.reporters.JUnitReportReporter -->
<testsuite hostname="DESKTOP-ACUQNDS" failures="0" tests="1" name="seleniumRefreshMar.EnterTextboxExample" time="13.245" errors="0" timestamp="2024-03-10T10:56:54 IST" skipped="0">
  <testcase classname="seleniumRefreshMar.EnterTextboxExample" name="textBoxEnter" time="13.245"/>
  <system-out/>
</testsuite> <!-- seleniumRefreshMar.EnterTextboxExample -->
