<?xml version="1.0" encoding="UTF-8"?>
<!-- Generated by org.testng.reporters.JUnitReportReporter -->
<testsuite hostname="DESKTOP-ACUQNDS" failures="0" tests="1" name="restAssuredExamples.PostmethodusingJSonObject" time="2.813" errors="0" timestamp="2023-04-22T18:25:32 IST" skipped="0">
  <testcase classname="restAssuredExamples.PostmethodusingJSonObject" name="empPostmethod" time="2.813"/>
  <system-out/>
</testsuite> <!-- restAssuredExamples.PostmethodusingJSonObject -->
